[11/21/24 19:17:36:689][22440][A]:(00002028): RtcConnectionImpl::getUserRole(this:00000208C42C8700, void)
[11/21/24 19:17:38:689][22440][A]:(00002029): RtcConnectionImpl::getUserRole(this:00000208C42C8700, void)
[11/21/24 19:17:40:688][22440][A]:(00002030): RtcConnectionImpl::getUserRole(this:00000208C42C8700, void)
[11/21/24 19:17:42:690][22440][A]:(00002031): RtcConnectionImpl::getUserRole(this:00000208C42C8700, void)
[11/21/24 19:17:44:691][22440][A]:(00002032): RtcConnectionImpl::getUserRole(this:00000208C42C8700, void)
[11/21/24 19:17:46:693][22440][A]:(00002033): RtcConnectionImpl::getUserRole(this:00000208C42C8700, void)
[11/21/24 19:17:48:693][22440][A]:(00002034): RtcConnectionImpl::getUserRole(this:00000208C42C8700, void)
[11/21/24 19:17:50:694][22440][A]:(00002035): RtcConnectionImpl::getUserRole(this:00000208C42C8700, void)
[11/21/24 19:17:52:693][22440][A]:(00002036): RtcConnectionImpl::getUserRole(this:00000208C42C8700, void)
[11/21/24 19:17:54:693][22440][A]:(00002037): RtcConnectionImpl::getUserRole(this:00000208C42C8700, void)
[11/21/24 19:17:56:693][22440][A]:(00002038): RtcConnectionImpl::getUserRole(this:00000208C42C8700, void)
[11/21/24 19:17:58:695][22440][A]:(00002039): RtcConnectionImpl::getUserRole(this:00000208C42C8700, void)
[11/21/24 19:18:00:696][22440][A]:(00002040): RtcConnectionImpl::getUserRole(this:00000208C42C8700, void)
[11/21/24 19:18:02:697][22440][A]:(00002041): RtcConnectionImpl::getUserRole(this:00000208C42C8700, void)
[11/21/24 19:18:04:696][22440][A]:(00002042): RtcConnectionImpl::getUserRole(this:00000208C42C8700, void)
[11/21/24 19:18:06:696][22440][A]:(00002043): RtcConnectionImpl::getUserRole(this:00000208C42C8700, void)
[11/21/24 19:18:08:698][22440][A]:(00002044): RtcConnectionImpl::getUserRole(this:00000208C42C8700, void)
[11/21/24 19:18:10:699][22440][A]:(00002045): RtcConnectionImpl::getUserRole(this:00000208C42C8700, void)
[11/21/24 19:18:12:699][22440][A]:(00002046): RtcConnectionImpl::getUserRole(this:00000208C42C8700, void)
[11/21/24 19:18:14:698][22440][A]:(00002047): RtcConnectionImpl::getUserRole(this:00000208C42C8700, void)
[11/21/24 19:18:16:700][22440][A]:(00002048): RtcConnectionImpl::getUserRole(this:00000208C42C8700, void)
[11/21/24 19:18:18:700][22440][A]:(00002049): RtcConnectionImpl::getUserRole(this:00000208C42C8700, void)
[11/21/24 19:18:20:701][22440][A]:(00002050): RtcConnectionImpl::getUserRole(this:00000208C42C8700, void)
[11/21/24 19:18:22:701][22440][A]:(00002051): RtcConnectionImpl::getUserRole(this:00000208C42C8700, void)
[11/21/24 19:18:24:702][22440][A]:(00002052): RtcConnectionImpl::getUserRole(this:00000208C42C8700, void)
[11/21/24 19:18:26:703][22440][A]:(00002053): RtcConnectionImpl::getUserRole(this:00000208C42C8700, void)
[11/21/24 19:18:28:702][22440][A]:(00002054): RtcConnectionImpl::getUserRole(this:00000208C42C8700, void)
[11/21/24 19:18:30:703][22440][A]:(00002055): RtcConnectionImpl::getUserRole(this:00000208C42C8700, void)
[11/21/24 19:18:32:704][22440][A]:(00002056): RtcConnectionImpl::getUserRole(this:00000208C42C8700, void)
[11/21/24 19:18:34:705][22440][A]:(00002057): RtcConnectionImpl::getUserRole(this:00000208C42C8700, void)
[11/21/24 19:18:36:707][22440][A]:(00002058): RtcConnectionImpl::getUserRole(this:00000208C42C8700, void)
[11/21/24 19:18:38:706][22440][A]:(00002059): RtcConnectionImpl::getUserRole(this:00000208C42C8700, void)
[11/21/24 19:18:40:708][22440][A]:(00002060): RtcConnectionImpl::getUserRole(this:00000208C42C8700, void)
[11/21/24 19:18:42:708][22440][A]:(00002061): RtcConnectionImpl::getUserRole(this:00000208C42C8700, void)
[11/21/24 19:18:44:707][22440][A]:(00002062): RtcConnectionImpl::getUserRole(this:00000208C42C8700, void)
[11/21/24 19:18:46:709][22440][A]:(00002063): RtcConnectionImpl::getUserRole(this:00000208C42C8700, void)
[11/21/24 19:18:48:711][22440][A]:(00002064): RtcConnectionImpl::getUserRole(this:00000208C42C8700, void)
[11/21/24 19:18:50:712][22440][A]:(00002065): RtcConnectionImpl::getUserRole(this:00000208C42C8700, void)
[11/21/24 19:18:52:714][22440][A]:(00002066): RtcConnectionImpl::getUserRole(this:00000208C42C8700, void)
[11/21/24 19:18:54:714][22440][A]:(00002067): RtcConnectionImpl::getUserRole(this:00000208C42C8700, void)
[11/21/24 19:18:56:714][22440][A]:(00002068): RtcConnectionImpl::getUserRole(this:00000208C42C8700, void)
[11/21/24 19:18:58:714][22440][A]:(00002069): RtcConnectionImpl::getUserRole(this:00000208C42C8700, void)
[11/21/24 19:19:00:713][22440][A]:(00002070): RtcConnectionImpl::getUserRole(this:00000208C42C8700, void)
[11/21/24 19:19:02:713][22440][A]:(00002071): RtcConnectionImpl::getUserRole(this:00000208C42C8700, void)
[11/21/24 19:19:04:715][22440][A]:(00002072): RtcConnectionImpl::getUserRole(this:00000208C42C8700, void)
[11/21/24 19:19:06:714][22440][A]:(00002073): RtcConnectionImpl::getUserRole(this:00000208C42C8700, void)
[11/21/24 19:19:08:715][22440][A]:(00002074): RtcConnectionImpl::getUserRole(this:00000208C42C8700, void)
[11/21/24 19:19:10:717][22440][A]:(00002075): RtcConnectionImpl::getUserRole(this:00000208C42C8700, void)
[11/21/24 19:19:12:718][22440][A]:(00002076): RtcConnectionImpl::getUserRole(this:00000208C42C8700, void)
[11/21/24 19:19:14:718][22440][A]:(00002077): RtcConnectionImpl::getUserRole(this:00000208C42C8700, void)
[11/21/24 19:19:16:718][22440][A]:(00002078): RtcConnectionImpl::getUserRole(this:00000208C42C8700, void)
[11/21/24 19:19:18:718][22440][A]:(00002079): RtcConnectionImpl::getUserRole(this:00000208C42C8700, void)
[11/21/24 19:19:20:720][22440][A]:(00002080): RtcConnectionImpl::getUserRole(this:00000208C42C8700, void)
[11/21/24 19:19:22:720][22440][A]:(00002081): RtcConnectionImpl::getUserRole(this:00000208C42C8700, void)
[11/21/24 19:19:24:721][22440][A]:(00002082): RtcConnectionImpl::getUserRole(this:00000208C42C8700, void)
[11/21/24 19:19:26:722][22440][A]:(00002083): RtcConnectionImpl::getUserRole(this:00000208C42C8700, void)
[11/21/24 19:19:28:722][22440][A]:(00002084): RtcConnectionImpl::getUserRole(this:00000208C42C8700, void)
[11/21/24 19:19:30:722][22440][A]:(00002085): RtcConnectionImpl::getUserRole(this:00000208C42C8700, void)
[11/21/24 19:19:32:723][22440][A]:(00002086): RtcConnectionImpl::getUserRole(this:00000208C42C8700, void)
[11/21/24 19:19:34:724][22440][A]:(00002087): RtcConnectionImpl::getUserRole(this:00000208C42C8700, void)
[11/21/24 19:19:36:724][22440][A]:(00002088): RtcConnectionImpl::getUserRole(this:00000208C42C8700, void)
[11/21/24 19:19:38:725][22440][A]:(00002089): RtcConnectionImpl::getUserRole(this:00000208C42C8700, void)
[11/21/24 19:19:40:726][22440][A]:(00002090): RtcConnectionImpl::getUserRole(this:00000208C42C8700, void)
[11/21/24 19:19:42:726][22440][A]:(00002091): RtcConnectionImpl::getUserRole(this:00000208C42C8700, void)
[11/21/24 19:19:44:727][22440][A]:(00002092): RtcConnectionImpl::getUserRole(this:00000208C42C8700, void)
[11/21/24 19:19:46:728][22440][A]:(00002093): RtcConnectionImpl::getUserRole(this:00000208C42C8700, void)
[11/21/24 19:19:48:728][22440][A]:(00002094): RtcConnectionImpl::getUserRole(this:00000208C42C8700, void)
[11/21/24 19:19:50:728][22440][A]:(00002095): RtcConnectionImpl::getUserRole(this:00000208C42C8700, void)
[11/21/24 19:19:52:729][22440][A]:(00002096): RtcConnectionImpl::getUserRole(this:00000208C42C8700, void)
[11/21/24 19:19:54:730][22440][A]:(00002097): RtcConnectionImpl::getUserRole(this:00000208C42C8700, void)
[11/21/24 19:19:56:731][22440][A]:(00002098): RtcConnectionImpl::getUserRole(this:00000208C42C8700, void)
[11/21/24 19:19:58:731][22440][A]:(00002099): RtcConnectionImpl::getUserRole(this:00000208C42C8700, void)
[11/21/24 19:20:00:732][22440][A]:(00002100): RtcConnectionImpl::getUserRole(this:00000208C42C8700, void)
[11/21/24 19:20:02:732][22440][A]:(00002101): RtcConnectionImpl::getUserRole(this:00000208C42C8700, void)
[11/21/24 19:20:04:732][22440][A]:(00002102): RtcConnectionImpl::getUserRole(this:00000208C42C8700, void)
[11/21/24 19:20:06:734][22440][A]:(00002103): RtcConnectionImpl::getUserRole(this:00000208C42C8700, void)
[11/21/24 19:20:08:734][22440][A]:(00002104): RtcConnectionImpl::getUserRole(this:00000208C42C8700, void)
[11/21/24 19:20:10:735][22440][A]:(00002105): RtcConnectionImpl::getUserRole(this:00000208C42C8700, void)
[11/21/24 19:20:12:736][22440][A]:(00002106): RtcConnectionImpl::getUserRole(this:00000208C42C8700, void)
[11/21/24 19:20:14:737][22440][A]:(00002107): RtcConnectionImpl::getUserRole(this:00000208C42C8700, void)
[11/21/24 19:20:16:737][22440][A]:(00002108): RtcConnectionImpl::getUserRole(this:00000208C42C8700, void)
[11/21/24 19:20:18:737][22440][A]:(00002109): RtcConnectionImpl::getUserRole(this:00000208C42C8700, void)
[11/21/24 19:20:20:738][22440][A]:(00002110): RtcConnectionImpl::getUserRole(this:00000208C42C8700, void)
[11/21/24 19:20:22:739][22440][A]:(00002111): RtcConnectionImpl::getUserRole(this:00000208C42C8700, void)
[11/21/24 19:20:24:742][22440][A]:(00002112): RtcConnectionImpl::getUserRole(this:00000208C42C8700, void)
[11/21/24 19:20:26:742][22440][A]:(00002113): RtcConnectionImpl::getUserRole(this:00000208C42C8700, void)
[11/21/24 19:20:28:743][22440][A]:(00002114): RtcConnectionImpl::getUserRole(this:00000208C42C8700, void)
[11/21/24 19:20:30:743][22440][A]:(00002115): RtcConnectionImpl::getUserRole(this:00000208C42C8700, void)
[11/21/24 19:20:32:743][22440][A]:(00002116): RtcConnectionImpl::getUserRole(this:00000208C42C8700, void)
[11/21/24 19:20:34:743][22440][A]:(00002117): RtcConnectionImpl::getUserRole(this:00000208C42C8700, void)
[11/21/24 19:20:36:743][22440][A]:(00002118): RtcConnectionImpl::getUserRole(this:00000208C42C8700, void)
[11/21/24 19:20:38:745][22440][A]:(00002119): RtcConnectionImpl::getUserRole(this:00000208C42C8700, void)
[11/21/24 19:20:40:747][22440][A]:(00002120): RtcConnectionImpl::getUserRole(this:00000208C42C8700, void)
[11/21/24 19:20:42:749][22440][A]:(00002121): RtcConnectionImpl::getUserRole(this:00000208C42C8700, void)
[11/21/24 19:20:44:748][22440][A]:(00002122): RtcConnectionImpl::getUserRole(this:00000208C42C8700, void)
[11/21/24 19:20:46:749][22440][A]:(00002123): RtcConnectionImpl::getUserRole(this:00000208C42C8700, void)
[11/21/24 19:20:48:749][22440][A]:(00002124): RtcConnectionImpl::getUserRole(this:00000208C42C8700, void)
[11/21/24 19:20:50:748][22440][A]:(00002125): RtcConnectionImpl::getUserRole(this:00000208C42C8700, void)
[11/21/24 19:20:52:750][22440][A]:(00002126): RtcConnectionImpl::getUserRole(this:00000208C42C8700, void)
[11/21/24 19:20:54:750][22440][A]:(00002127): RtcConnectionImpl::getUserRole(this:00000208C42C8700, void)
[11/21/24 19:20:56:750][22440][A]:(00002128): RtcConnectionImpl::getUserRole(this:00000208C42C8700, void)
[11/21/24 19:20:58:749][22440][A]:(00002129): RtcConnectionImpl::getUserRole(this:00000208C42C8700, void)
[11/21/24 19:21:00:750][22440][A]:(00002130): RtcConnectionImpl::getUserRole(this:00000208C42C8700, void)
[11/21/24 19:21:02:750][22440][A]:(00002131): RtcConnectionImpl::getUserRole(this:00000208C42C8700, void)
[11/21/24 19:21:04:751][22440][A]:(00002132): RtcConnectionImpl::getUserRole(this:00000208C42C8700, void)
[11/21/24 19:21:06:751][22440][A]:(00002133): RtcConnectionImpl::getUserRole(this:00000208C42C8700, void)
[11/21/24 19:21:08:752][22440][A]:(00002134): RtcConnectionImpl::getUserRole(this:00000208C42C8700, void)
[11/21/24 19:21:10:753][22440][A]:(00002135): RtcConnectionImpl::getUserRole(this:00000208C42C8700, void)
[11/21/24 19:21:12:754][22440][A]:(00002136): RtcConnectionImpl::getUserRole(this:00000208C42C8700, void)
[11/21/24 19:21:14:754][22440][A]:(00002137): RtcConnectionImpl::getUserRole(this:00000208C42C8700, void)
[11/21/24 19:21:16:754][22440][A]:(00002138): RtcConnectionImpl::getUserRole(this:00000208C42C8700, void)
[11/21/24 19:21:18:755][22440][A]:(00002139): RtcConnectionImpl::getUserRole(this:00000208C42C8700, void)
[11/21/24 19:21:20:756][22440][A]:(00002140): RtcConnectionImpl::getUserRole(this:00000208C42C8700, void)
[11/21/24 19:21:22:758][22440][A]:(00002141): RtcConnectionImpl::getUserRole(this:00000208C42C8700, void)
[11/21/24 19:21:24:758][22440][A]:(00002142): RtcConnectionImpl::getUserRole(this:00000208C42C8700, void)
[11/21/24 19:21:26:760][22440][A]:(00002143): RtcConnectionImpl::getUserRole(this:00000208C42C8700, void)
[11/21/24 19:21:28:761][22440][A]:(00002144): RtcConnectionImpl::getUserRole(this:00000208C42C8700, void)
[11/21/24 19:21:30:763][22440][A]:(00002145): RtcConnectionImpl::getUserRole(this:00000208C42C8700, void)
[11/21/24 19:21:32:763][22440][A]:(00002146): RtcConnectionImpl::getUserRole(this:00000208C42C8700, void)
[11/21/24 19:21:34:764][22440][A]:(00002147): RtcConnectionImpl::getUserRole(this:00000208C42C8700, void)
[11/21/24 19:21:36:763][22440][A]:(00002148): RtcConnectionImpl::getUserRole(this:00000208C42C8700, void)
[11/21/24 19:21:38:763][22440][A]:(00002149): RtcConnectionImpl::getUserRole(this:00000208C42C8700, void)
[11/21/24 19:21:40:765][22440][A]:(00002150): RtcConnectionImpl::getUserRole(this:00000208C42C8700, void)
[11/21/24 19:21:42:766][22440][A]:(00002151): RtcConnectionImpl::getUserRole(this:00000208C42C8700, void)
[11/21/24 19:21:44:767][22440][A]:(00002152): RtcConnectionImpl::getUserRole(this:00000208C42C8700, void)
[11/21/24 19:21:46:769][22440][A]:(00002153): RtcConnectionImpl::getUserRole(this:00000208C42C8700, void)
[11/21/24 19:21:48:768][22440][A]:(00002154): RtcConnectionImpl::getUserRole(this:00000208C42C8700, void)
[11/21/24 19:21:50:769][22440][A]:(00002155): RtcConnectionImpl::getUserRole(this:00000208C42C8700, void)
[11/21/24 19:21:52:769][22440][A]:(00002156): RtcConnectionImpl::getUserRole(this:00000208C42C8700, void)
[11/21/24 19:21:54:770][22440][A]:(00002157): RtcConnectionImpl::getUserRole(this:00000208C42C8700, void)
[11/21/24 19:21:56:772][22440][A]:(00002158): RtcConnectionImpl::getUserRole(this:00000208C42C8700, void)
[11/21/24 19:21:58:773][22440][A]:(00002159): RtcConnectionImpl::getUserRole(this:00000208C42C8700, void)
[11/21/24 19:22:00:773][22440][A]:(00002160): RtcConnectionImpl::getUserRole(this:00000208C42C8700, void)
[11/21/24 19:22:02:774][22440][A]:(00002161): RtcConnectionImpl::getUserRole(this:00000208C42C8700, void)
[11/21/24 19:22:04:773][22440][A]:(00002162): RtcConnectionImpl::getUserRole(this:00000208C42C8700, void)
[11/21/24 19:22:06:773][22440][A]:(00002163): RtcConnectionImpl::getUserRole(this:00000208C42C8700, void)
[11/21/24 19:22:08:774][22440][A]:(00002164): RtcConnectionImpl::getUserRole(this:00000208C42C8700, void)
[11/21/24 19:22:10:774][22440][A]:(00002165): RtcConnectionImpl::getUserRole(this:00000208C42C8700, void)
[11/21/24 19:22:12:775][22440][A]:(00002166): RtcConnectionImpl::getUserRole(this:00000208C42C8700, void)
[11/21/24 19:22:14:776][22440][A]:(00002167): RtcConnectionImpl::getUserRole(this:00000208C42C8700, void)
[11/21/24 19:22:16:777][22440][A]:(00002168): RtcConnectionImpl::getUserRole(this:00000208C42C8700, void)
[11/21/24 19:22:18:778][22440][A]:(00002169): RtcConnectionImpl::getUserRole(this:00000208C42C8700, void)
[11/21/24 19:22:20:778][22440][A]:(00002170): RtcConnectionImpl::getUserRole(this:00000208C42C8700, void)
[11/21/24 19:22:22:777][22440][A]:(00002171): RtcConnectionImpl::getUserRole(this:00000208C42C8700, void)
[11/21/24 19:22:24:779][22440][A]:(00002172): RtcConnectionImpl::getUserRole(this:00000208C42C8700, void)
[11/21/24 19:22:25:234][22440][A]:(00002173): <lambda_2b3e639d6a791626db2492a37424fcff>::operator ->CallbackOnWarning(this:00000208C4BBEB10, warnCode: 1071)
[11/21/24 19:22:26:782][22440][A]:(00002174): RtcConnectionImpl::getUserRole(this:00000208C42C8700, void)
[11/21/24 19:22:28:783][22440][A]:(00002175): RtcConnectionImpl::getUserRole(this:00000208C42C8700, void)
[11/21/24 19:22:30:782][22440][A]:(00002176): RtcConnectionImpl::getUserRole(this:00000208C42C8700, void)
[11/21/24 19:22:32:783][22440][A]:(00002177): RtcConnectionImpl::getUserRole(this:00000208C42C8700, void)
[11/21/24 19:22:34:783][22440][A]:(00002178): RtcConnectionImpl::getUserRole(this:00000208C42C8700, void)
[11/21/24 19:22:36:783][22440][A]:(00002179): RtcConnectionImpl::getUserRole(this:00000208C42C8700, void)
[11/21/24 19:22:38:783][22440][A]:(00002180): RtcConnectionImpl::getUserRole(this:00000208C42C8700, void)
[11/21/24 19:22:40:783][22440][A]:(00002181): RtcConnectionImpl::getUserRole(this:00000208C42C8700, void)
[11/21/24 19:22:42:786][22440][A]:(00002182): RtcConnectionImpl::getUserRole(this:00000208C42C8700, void)
[11/21/24 19:22:44:786][22440][A]:(00002183): RtcConnectionImpl::getUserRole(this:00000208C42C8700, void)
[11/21/24 19:22:46:787][22440][A]:(00002184): RtcConnectionImpl::getUserRole(this:00000208C42C8700, void)
[11/21/24 19:22:48:787][22440][A]:(00002185): RtcConnectionImpl::getUserRole(this:00000208C42C8700, void)
[11/21/24 19:22:50:788][22440][A]:(00002186): RtcConnectionImpl::getUserRole(this:00000208C42C8700, void)
[11/21/24 19:22:52:789][22440][A]:(00002187): RtcConnectionImpl::getUserRole(this:00000208C42C8700, void)
[11/21/24 19:22:54:789][22440][A]:(00002188): RtcConnectionImpl::getUserRole(this:00000208C42C8700, void)
[11/21/24 19:22:56:790][22440][A]:(00002189): RtcConnectionImpl::getUserRole(this:00000208C42C8700, void)
[11/21/24 19:22:58:789][22440][A]:(00002190): RtcConnectionImpl::getUserRole(this:00000208C42C8700, void)
[11/21/24 19:23:00:789][22440][A]:(00002191): RtcConnectionImpl::getUserRole(this:00000208C42C8700, void)
[11/21/24 19:23:02:792][22440][A]:(00002192): RtcConnectionImpl::getUserRole(this:00000208C42C8700, void)
[11/21/24 19:23:04:793][22440][A]:(00002193): RtcConnectionImpl::getUserRole(this:00000208C42C8700, void)
[11/21/24 19:23:06:793][22440][A]:(00002194): RtcConnectionImpl::getUserRole(this:00000208C42C8700, void)
[11/21/24 19:23:08:793][22440][A]:(00002195): RtcConnectionImpl::getUserRole(this:00000208C42C8700, void)
[11/21/24 19:23:10:794][22440][A]:(00002196): RtcConnectionImpl::getUserRole(this:00000208C42C8700, void)
[11/21/24 19:23:12:795][22440][A]:(00002197): RtcConnectionImpl::getUserRole(this:00000208C42C8700, void)
[11/21/24 19:23:14:796][22440][A]:(00002198): RtcConnectionImpl::getUserRole(this:00000208C42C8700, void)
[11/21/24 19:23:16:795][22440][A]:(00002199): RtcConnectionImpl::getUserRole(this:00000208C42C8700, void)
[11/21/24 19:23:18:796][22440][A]:(00002200): RtcConnectionImpl::getUserRole(this:00000208C42C8700, void)
[11/21/24 19:23:20:797][22440][A]:(00002201): RtcConnectionImpl::getUserRole(this:00000208C42C8700, void)
[11/21/24 19:23:22:798][22440][A]:(00002202): RtcConnectionImpl::getUserRole(this:00000208C42C8700, void)
[11/21/24 19:23:24:798][22440][A]:(00002203): RtcConnectionImpl::getUserRole(this:00000208C42C8700, void)
[11/21/24 19:23:26:798][22440][A]:(00002204): RtcConnectionImpl::getUserRole(this:00000208C42C8700, void)
[11/21/24 19:23:28:800][22440][A]:(00002205): RtcConnectionImpl::getUserRole(this:00000208C42C8700, void)
[11/21/24 19:23:30:802][22440][A]:(00002206): RtcConnectionImpl::getUserRole(this:00000208C42C8700, void)
[11/21/24 19:23:32:802][22440][A]:(00002207): RtcConnectionImpl::getUserRole(this:00000208C42C8700, void)
[11/21/24 19:23:34:802][22440][A]:(00002208): RtcConnectionImpl::getUserRole(this:00000208C42C8700, void)
[11/21/24 19:23:36:802][22440][A]:(00002209): RtcConnectionImpl::getUserRole(this:00000208C42C8700, void)
[11/21/24 19:23:38:802][22440][A]:(00002210): RtcConnectionImpl::getUserRole(this:00000208C42C8700, void)
[11/21/24 19:23:40:802][22440][A]:(00002211): RtcConnectionImpl::getUserRole(this:00000208C42C8700, void)
[11/21/24 19:23:42:802][22440][A]:(00002212): RtcConnectionImpl::getUserRole(this:00000208C42C8700, void)
[11/21/24 19:23:44:802][22440][A]:(00002213): RtcConnectionImpl::getUserRole(this:00000208C42C8700, void)
[11/21/24 19:23:46:803][22440][A]:(00002214): RtcConnectionImpl::getUserRole(this:00000208C42C8700, void)
[11/21/24 19:23:48:803][22440][A]:(00002215): RtcConnectionImpl::getUserRole(this:00000208C42C8700, void)
[11/21/24 19:23:50:804][22440][A]:(00002216): RtcConnectionImpl::getUserRole(this:00000208C42C8700, void)
[11/21/24 19:23:52:804][22440][A]:(00002217): RtcConnectionImpl::getUserRole(this:00000208C42C8700, void)
[11/21/24 19:23:54:805][22440][A]:(00002218): RtcConnectionImpl::getUserRole(this:00000208C42C8700, void)
[11/21/24 19:23:56:806][22440][A]:(00002219): RtcConnectionImpl::getUserRole(this:00000208C42C8700, void)
[11/21/24 19:23:58:807][22440][A]:(00002220): RtcConnectionImpl::getUserRole(this:00000208C42C8700, void)
[11/21/24 19:24:00:808][22440][A]:(00002221): RtcConnectionImpl::getUserRole(this:00000208C42C8700, void)
[11/21/24 19:24:02:809][22440][A]:(00002222): RtcConnectionImpl::getUserRole(this:00000208C42C8700, void)
[11/21/24 19:24:04:809][22440][A]:(00002223): RtcConnectionImpl::getUserRole(this:00000208C42C8700, void)
[11/21/24 19:24:06:809][22440][A]:(00002224): RtcConnectionImpl::getUserRole(this:00000208C42C8700, void)
[11/21/24 19:24:08:809][22440][A]:(00002225): RtcConnectionImpl::getUserRole(this:00000208C42C8700, void)
[11/21/24 19:24:10:811][22440][A]:(00002226): RtcConnectionImpl::getUserRole(this:00000208C42C8700, void)
[11/21/24 19:24:12:811][22440][A]:(00002227): RtcConnectionImpl::getUserRole(this:00000208C42C8700, void)
[11/21/24 19:24:14:811][22440][A]:(00002228): RtcConnectionImpl::getUserRole(this:00000208C42C8700, void)
[11/21/24 19:24:16:813][22440][A]:(00002229): RtcConnectionImpl::getUserRole(this:00000208C42C8700, void)
[11/21/24 19:24:18:813][22440][A]:(00002230): RtcConnectionImpl::getUserRole(this:00000208C42C8700, void)
[11/21/24 19:24:20:814][22440][A]:(00002231): RtcConnectionImpl::getUserRole(this:00000208C42C8700, void)
[11/21/24 19:24:22:815][22440][A]:(00002232): RtcConnectionImpl::getUserRole(this:00000208C42C8700, void)
[11/21/24 19:24:24:816][22440][A]:(00002233): RtcConnectionImpl::getUserRole(this:00000208C42C8700, void)
[11/21/24 19:24:26:818][22440][A]:(00002234): RtcConnectionImpl::getUserRole(this:00000208C42C8700, void)
[11/21/24 19:24:28:819][22440][A]:(00002235): RtcConnectionImpl::getUserRole(this:00000208C42C8700, void)
[11/21/24 19:24:30:819][22440][A]:(00002236): RtcConnectionImpl::getUserRole(this:00000208C42C8700, void)
[11/21/24 19:24:32:820][22440][A]:(00002237): RtcConnectionImpl::getUserRole(this:00000208C42C8700, void)
[11/21/24 19:24:34:820][22440][A]:(00002238): RtcConnectionImpl::getUserRole(this:00000208C42C8700, void)
[11/21/24 19:24:36:819][22440][A]:(00002239): RtcConnectionImpl::getUserRole(this:00000208C42C8700, void)
[11/21/24 19:24:38:819][22440][A]:(00002240): RtcConnectionImpl::getUserRole(this:00000208C42C8700, void)
[11/21/24 19:24:40:821][22440][A]:(00002241): RtcConnectionImpl::getUserRole(this:00000208C42C8700, void)
[11/21/24 19:24:42:824][22440][A]:(00002242): RtcConnectionImpl::getUserRole(this:00000208C42C8700, void)
[11/21/24 19:24:44:825][22440][A]:(00002243): RtcConnectionImpl::getUserRole(this:00000208C42C8700, void)
[11/21/24 19:24:46:826][22440][A]:(00002244): RtcConnectionImpl::getUserRole(this:00000208C42C8700, void)
[11/21/24 19:24:48:828][22440][A]:(00002245): RtcConnectionImpl::getUserRole(this:00000208C42C8700, void)
[11/21/24 19:24:50:828][22440][A]:(00002246): RtcConnectionImpl::getUserRole(this:00000208C42C8700, void)
[11/21/24 19:24:52:829][22440][A]:(00002247): RtcConnectionImpl::getUserRole(this:00000208C42C8700, void)
[11/21/24 19:24:54:829][22440][A]:(00002248): RtcConnectionImpl::getUserRole(this:00000208C42C8700, void)
[11/21/24 19:24:56:829][22440][A]:(00002249): RtcConnectionImpl::getUserRole(this:00000208C42C8700, void)
[11/21/24 19:24:58:829][22440][A]:(00002250): RtcConnectionImpl::getUserRole(this:00000208C42C8700, void)
[11/21/24 19:25:00:829][22440][A]:(00002251): RtcConnectionImpl::getUserRole(this:00000208C42C8700, void)
[11/21/24 19:25:02:829][22440][A]:(00002252): RtcConnectionImpl::getUserRole(this:00000208C42C8700, void)
[11/21/24 19:25:04:830][22440][A]:(00002253): RtcConnectionImpl::getUserRole(this:00000208C42C8700, void)
[11/21/24 19:25:06:830][22440][A]:(00002254): RtcConnectionImpl::getUserRole(this:00000208C42C8700, void)
[11/21/24 19:25:08:831][22440][A]:(00002255): RtcConnectionImpl::getUserRole(this:00000208C42C8700, void)
[11/21/24 19:25:10:833][22440][A]:(00002256): RtcConnectionImpl::getUserRole(this:00000208C42C8700, void)
[11/21/24 19:25:12:834][22440][A]:(00002257): RtcConnectionImpl::getUserRole(this:00000208C42C8700, void)
[11/21/24 19:25:14:836][22440][A]:(00002258): RtcConnectionImpl::getUserRole(this:00000208C42C8700, void)
[11/21/24 19:25:16:837][22440][A]:(00002259): RtcConnectionImpl::getUserRole(this:00000208C42C8700, void)
[11/21/24 19:25:18:838][22440][A]:(00002260): RtcConnectionImpl::getUserRole(this:00000208C42C8700, void)
[11/21/24 19:25:20:839][22440][A]:(00002261): RtcConnectionImpl::getUserRole(this:00000208C42C8700, void)
[11/21/24 19:25:22:839][22440][A]:(00002262): RtcConnectionImpl::getUserRole(this:00000208C42C8700, void)
[11/21/24 19:25:24:839][22440][A]:(00002263): RtcConnectionImpl::getUserRole(this:00000208C42C8700, void)
[11/21/24 19:25:26:839][22440][A]:(00002264): RtcConnectionImpl::getUserRole(this:00000208C42C8700, void)
[11/21/24 19:25:28:838][22440][A]:(00002265): RtcConnectionImpl::getUserRole(this:00000208C42C8700, void)
[11/21/24 19:25:30:841][22440][A]:(00002266): RtcConnectionImpl::getUserRole(this:00000208C42C8700, void)
[11/21/24 19:25:32:841][22440][A]:(00002267): RtcConnectionImpl::getUserRole(this:00000208C42C8700, void)
[11/21/24 19:25:34:843][22440][A]:(00002268): RtcConnectionImpl::getUserRole(this:00000208C42C8700, void)
[11/21/24 19:25:36:844][22440][A]:(00002269): RtcConnectionImpl::getUserRole(this:00000208C42C8700, void)
[11/21/24 19:25:38:844][22440][A]:(00002270): RtcConnectionImpl::getUserRole(this:00000208C42C8700, void)
[11/21/24 19:25:40:844][22440][A]:(00002271): RtcConnectionImpl::getUserRole(this:00000208C42C8700, void)
[11/21/24 19:25:42:845][22440][A]:(00002272): RtcConnectionImpl::getUserRole(this:00000208C42C8700, void)
[11/21/24 19:25:44:844][22440][A]:(00002273): RtcConnectionImpl::getUserRole(this:00000208C42C8700, void)
[11/21/24 19:25:46:846][22440][A]:(00002274): RtcConnectionImpl::getUserRole(this:00000208C42C8700, void)
[11/21/24 19:25:48:848][22440][A]:(00002275): RtcConnectionImpl::getUserRole(this:00000208C42C8700, void)
[11/21/24 19:25:50:848][22440][A]:(00002276): RtcConnectionImpl::getUserRole(this:00000208C42C8700, void)
[11/21/24 19:25:52:849][22440][A]:(00002277): RtcConnectionImpl::getUserRole(this:00000208C42C8700, void)
[11/21/24 19:25:54:849][22440][A]:(00002278): RtcConnectionImpl::getUserRole(this:00000208C42C8700, void)
[11/21/24 19:25:56:849][22440][A]:(00002279): RtcConnectionImpl::getUserRole(this:00000208C42C8700, void)
[11/21/24 19:25:58:849][22440][A]:(00002280): RtcConnectionImpl::getUserRole(this:00000208C42C8700, void)
[11/21/24 19:26:00:850][22440][A]:(00002281): RtcConnectionImpl::getUserRole(this:00000208C42C8700, void)
[11/21/24 19:26:02:852][22440][A]:(00002282): RtcConnectionImpl::getUserRole(this:00000208C42C8700, void)
[11/21/24 19:26:04:854][22440][A]:(00002283): RtcConnectionImpl::getUserRole(this:00000208C42C8700, void)
[11/21/24 19:26:06:854][22440][A]:(00002284): RtcConnectionImpl::getUserRole(this:00000208C42C8700, void)
[11/21/24 19:26:08:854][22440][A]:(00002285): RtcConnectionImpl::getUserRole(this:00000208C42C8700, void)
[11/21/24 19:26:10:854][22440][A]:(00002286): RtcConnectionImpl::getUserRole(this:00000208C42C8700, void)
[11/21/24 19:26:12:854][22440][A]:(00002287): RtcConnectionImpl::getUserRole(this:00000208C42C8700, void)
[11/21/24 19:26:14:855][22440][A]:(00002288): RtcConnectionImpl::getUserRole(this:00000208C42C8700, void)
[11/21/24 19:26:16:283][1112][U]:(00002289): VideoDeviceManager::release(this:00000208C4BCF410, {})
[11/21/24 19:26:16:284][22440][U]:(00002290): RtcEngine::releaseInternal(this:0000020BFA46A940, {})
[11/21/24 19:26:16:287][22440][A]:(00002291): ChannelProxy::onAudioPublishStateChanged->onAudioPublishStateChanged(this:0000020C0841F930, channel:classroom_screen, oldState:3, newState:1, elapseSinceLastState:3577163)
[11/21/24 19:26:16:288][22440][A]:(00002292): RtcConnectionImpl::setConnectionState(this:00000208C42C8700, state: 1)
[11/21/24 19:26:16:288][22440][A]:(00002293): LegacyEventProxy::onConnectionStateChanged->onDisconnected(this:00000208C4705CE0, channel:"classroom_screen", userId:"972644", reason:5)
[11/21/24 19:26:16:288][22440][A]:(00002294):   ChannelProxy::onDisconnected->onLeaveChannel(this:0000020C0841F930, channel:"classroom_screen", userId:"972644", reason:5)
[11/21/24 19:26:16:299][22440][A]:(00002295): RtcConnectionImpl::setConnectionState(this:0000020B49776190, state: 1)
[11/21/24 19:26:16:299][22440][A]:(00002296): LegacyEventProxy::onConnectionStateChanged->onDisconnected(this:0000020BF942C4D0, channel:"classroom", userId:"972643", reason:5)
[11/21/24 19:26:16:302][22440][A]:(00002297): RtcConnectionImpl::unsubscribeReceivePacketHandler(this:0000020B49776190, void)
[11/21/24 19:26:16:303][22440][A]:(00002298): RtcConnectionImpl::stopService(this:0000020B49776190, waitForAll:0)
[11/21/24 19:26:16:303][22440][A]:(00002299): RtcConnectionImpl::unsubscribeReceivePacketHandler(this:00000208C42C8700, void)
[11/21/24 19:26:16:305][22440][A]:(00002300): LocalAudioTrackRecordingDeviceImpl::enableRecorderDelayMs(this:0000020BC4EB7DF0, enable:0, delay_ms:0)
[11/21/24 19:26:16:307][22440][A]:(00002301): LocalAudioTrackImpl::detach(this:0000020BC4EB7DF0, reason: 2)
[11/21/24 19:26:16:307][22440][A]:(00002302): RtcConnectionImpl::stopService(this:00000208C42C8700, waitForAll:0)
[11/21/24 19:26:16:307][22440][A]:(00002303): LocalAudioTrackImpl::enableLocalPlayback(this:0000020BC4EB7DF0, enable:0, sync:1)
[11/21/24 19:26:16:307][22440][A]:(00002304): LocalAudioTrackPcmImpl::disableLocalPlayback(this:0000020BC4EB7DF0, void)
[11/21/24 19:26:16:308][22440][A]:(00002305): LocalAudioTrackImpl::detach(this:0000020BF91CDB80, reason: 1)
[11/21/24 19:26:16:310][22440][A]:(00002306): LocalVideoTrackImpl::enableSimulcastStreamInternal(this:0000020C0901E4F0, config[1]: enable:0, (dimensions:(width:0, height:0), framerate:0, bitrate:0))
[11/21/24 19:26:16:310][22440][A]:(00002307): LocalVideoTrackImpl::enableSimulcastStreamInternal(this:0000020C0901E4F0, config[2]: enable:0, (dimensions:(width:0, height:0), framerate:0, bitrate:0))
[11/21/24 19:26:16:311][22440][A]:(00002308): LocalVideoTrackImpl::enableSimulcastStreamInternal(this:0000020C0901E4F0, config[3]: enable:0, (dimensions:(width:0, height:0), framerate:0, bitrate:0))
[11/21/24 19:26:16:311][22440][A]:(00002309): LocalVideoTrackImpl::enableSimulcastStreamInternal(this:0000020C0901E4F0, config[4]: enable:0, (dimensions:(width:0, height:0), framerate:0, bitrate:0))
[11/21/24 19:26:16:311][22440][A]:(00002310): LocalVideoTrackImpl::enableSimulcastStreamInternal(this:0000020C0901E4F0, config[5]: enable:0, (dimensions:(width:0, height:0), framerate:0, bitrate:0))
[11/21/24 19:26:16:311][22440][A]:(00002311): LocalVideoTrackImpl::enableSimulcastStreamInternal(this:0000020C0901E4F0, config[6]: enable:0, (dimensions:(width:0, height:0), framerate:0, bitrate:0))
[11/21/24 19:26:16:311][22440][A]:(00002312): LocalVideoTrackImpl::enableSimulcastStreamInternal(this:0000020C0901E4F0, config[7]: enable:0, (dimensions:(width:0, height:0), framerate:0, bitrate:0))
[11/21/24 19:26:16:313][22440][A]:(00002313): LocalVideoTrackImpl::enableSimulcastStreamInternal(this:0000020BF8CAEC60, config[1]: enable:0, (dimensions:(width:0, height:0), framerate:0, bitrate:0))
[11/21/24 19:26:16:313][22440][A]:(00002314): LocalVideoTrackImpl::enableSimulcastStreamInternal(this:0000020BF8CAEC60, config[2]: enable:0, (dimensions:(width:0, height:0), framerate:0, bitrate:0))
[11/21/24 19:26:16:313][22440][A]:(00002315): LocalVideoTrackImpl::enableSimulcastStreamInternal(this:0000020BF8CAEC60, config[3]: enable:0, (dimensions:(width:0, height:0), framerate:0, bitrate:0))
[11/21/24 19:26:16:313][22440][A]:(00002316): LocalVideoTrackImpl::enableSimulcastStreamInternal(this:0000020BF8CAEC60, config[4]: enable:0, (dimensions:(width:0, height:0), framerate:0, bitrate:0))
[11/21/24 19:26:16:313][22440][A]:(00002317): LocalVideoTrackImpl::enableSimulcastStreamInternal(this:0000020BF8CAEC60, config[5]: enable:0, (dimensions:(width:0, height:0), framerate:0, bitrate:0))
[11/21/24 19:26:16:313][22440][A]:(00002318): LocalVideoTrackImpl::enableSimulcastStreamInternal(this:0000020BF8CAEC60, config[6]: enable:0, (dimensions:(width:0, height:0), framerate:0, bitrate:0))
[11/21/24 19:26:16:313][22440][A]:(00002319): LocalVideoTrackImpl::enableSimulcastStreamInternal(this:0000020BF8CAEC60, config[7]: enable:0, (dimensions:(width:0, height:0), framerate:0, bitrate:0))
[11/21/24 19:26:16:316][22440][A]:(00002320): MediaPlayerImpl::unregisterPlayerSourceObserver(this:0000020BFA866070, {"observer":"0000020BFA051B70"})
[11/21/24 19:26:16:316][22440][A]:(00002321): MediaPlayerImpl::getMediaPlayerId(this:0000020BFA866070, {})
[11/21/24 19:26:16:316][22440][A]:(00002322):   MediaPlayerSourceFFMpeg::getSourceId(this:0000020AE0D5B2D0, void)
[11/21/24 19:26:16:316][22440][A]:(00002323): MediaPlayerImpl::stop(this:0000020BFA866070, {})
[11/21/24 19:26:16:317][22440][A]:(00002324):   MediaPlayerImpl::stop(this:0000020C08BE00B0, void)
[11/21/24 19:26:16:317][22440][A]:(00002325):     MediaPlayerImpl::setRenderLastVideoFrame(this:0000020C08BE00B0, void)
[11/21/24 19:26:16:317][22440][A]:(00002326):   MediaPlayerImpl::setRenderLastVideoFrame(this:0000020BFA866070, void)
[11/21/24 19:26:16:317][22440][A]:(00002327):   LocalAudioTrackImpl::enableLocalPlayback(this:0000020B96452C60, enable:0, sync:1)
[11/21/24 19:26:16:317][22440][A]:(00002328):   LocalAudioTrackMediaPlayerImpl::enableLocalPlaybackInternal(this:0000020B96452C60, enable = 0)
[11/21/24 19:26:16:317][22440][A]:(00002329): MediaPlayerSourceFFMpeg::unregisterPlayerSourceObserver(this:0000020AE0D5B2D0, observer: 0000020BFA866088)
[11/21/24 19:26:16:317][22440][A]:(00002330): MediaPlayerImpl::stop(this:0000020BFA866070, {})
[11/21/24 19:26:16:317][22440][A]:(00002331):   MediaPlayerImpl::stop(this:0000020C08BE00B0, void)
[11/21/24 19:26:16:318][22440][A]:(00002332):     MediaPlayerImpl::setRenderLastVideoFrame(this:0000020C08BE00B0, void)
[11/21/24 19:26:16:318][22440][A]:(00002333):   MediaPlayerImpl::setRenderLastVideoFrame(this:0000020BFA866070, void)
[11/21/24 19:26:16:318][22440][A]:(00002334):   LocalAudioTrackImpl::enableLocalPlayback(this:0000020B96452C60, enable:0, sync:1)
[11/21/24 19:26:16:318][22440][A]:(00002335):   LocalAudioTrackMediaPlayerImpl::enableLocalPlaybackInternal(this:0000020B96452C60, enable = 0)
[11/21/24 19:26:16:318][22440][A]:(00002336): LocalVideoTrackImpl::enableSimulcastStreamInternal(this:00000208C5008750, config[1]: enable:0, (dimensions:(width:0, height:0), framerate:0, bitrate:0))
[11/21/24 19:26:16:318][22440][A]:(00002337): LocalVideoTrackImpl::enableSimulcastStreamInternal(this:00000208C5008750, config[2]: enable:0, (dimensions:(width:0, height:0), framerate:0, bitrate:0))
[11/21/24 19:26:16:318][22440][A]:(00002338): LocalVideoTrackImpl::enableSimulcastStreamInternal(this:00000208C5008750, config[3]: enable:0, (dimensions:(width:0, height:0), framerate:0, bitrate:0))
[11/21/24 19:26:16:318][22440][A]:(00002339): LocalVideoTrackImpl::enableSimulcastStreamInternal(this:00000208C5008750, config[4]: enable:0, (dimensions:(width:0, height:0), framerate:0, bitrate:0))
[11/21/24 19:26:16:318][22440][A]:(00002340): LocalVideoTrackImpl::enableSimulcastStreamInternal(this:00000208C5008750, config[5]: enable:0, (dimensions:(width:0, height:0), framerate:0, bitrate:0))
[11/21/24 19:26:16:318][22440][A]:(00002341): LocalVideoTrackImpl::enableSimulcastStreamInternal(this:00000208C5008750, config[6]: enable:0, (dimensions:(width:0, height:0), framerate:0, bitrate:0))
[11/21/24 19:26:16:318][22440][A]:(00002342): LocalVideoTrackImpl::enableSimulcastStreamInternal(this:00000208C5008750, config[7]: enable:0, (dimensions:(width:0, height:0), framerate:0, bitrate:0))
[11/21/24 19:26:16:319][22440][A]:(00002343): LocalAudioTrackImpl::enableLocalPlayback(this:0000020B96452C60, enable:0, sync:1)
[11/21/24 19:26:16:319][22440][A]:(00002344): LocalAudioTrackMediaPlayerImpl::enableLocalPlaybackInternal(this:0000020B96452C60, enable = 0)
[11/21/24 19:26:16:319][22440][A]:(00002345): LocalAudioTrackMediaPlayerImpl::enableLocalPlaybackInternal(this:0000020B96452C60, enable = 0)
[11/21/24 19:26:16:319][22440][A]:(00002346): LocalAudioTrackImpl::enableLocalPlayback(this:0000020B96452C60, enable:0, sync:1)
[11/21/24 19:26:16:319][22440][A]:(00002347): LocalAudioTrackMediaPlayerImpl::enableLocalPlaybackInternal(this:0000020B96452C60, enable = 0)
[11/21/24 19:26:16:319][22440][A]:(00002348): MediaPlayerImpl::stop(this:0000020C08BE00B0, void)
[11/21/24 19:26:16:320][22440][A]:(00002349):   MediaPlayerImpl::setRenderLastVideoFrame(this:0000020C08BE00B0, void)
[11/21/24 19:26:16:320][22440][A]:(00002350): MediaPlayerImpl::unregisterAudioFrameObserver(this:0000020C08BE00B0, observer:0000020AE0D5B2E0)
[11/21/24 19:26:16:320][22440][A]:(00002351): MediaPlayerImpl::unregisterVideoFrameObserver(this:0000020C08BE00B0, observer:0000020AE0D5B2D8)
[11/21/24 19:26:16:320][22440][A]:(00002352): MediaPlayerImpl::unregisterPlayerSourceObserver(this:0000020C08BE00B0, observer:0000020AE0D5B2D0)
[11/21/24 19:26:16:320][22440][A]:(00002353): MediaPlayerImpl::release(this:0000020C08BE00B0, this:0000020C08BE00B0)
[11/21/24 19:26:16:320][22440][A]:(00002354):   MediaPlayerImpl::stop(this:0000020C08BE00B0, void)
[11/21/24 19:26:16:320][22440][A]:(00002355):     MediaPlayerImpl::setRenderLastVideoFrame(this:0000020C08BE00B0, void)
[11/21/24 19:26:16:320][22440][A]:(00002356): RhythmPlayerImpl::~RhythmPlayerImpl(this:0000020BBCD4C600, void)
[11/21/24 19:26:16:320][22440][A]:(00002357): AgoraService::unregisterAgoraServiceObserver(this:0000020BD3947110, observer:0000020AE4887340)
[11/21/24 19:26:16:321][22440][A]:(00002358): RtcEngine::stopService(this:0000020BFA46A940, waitForAll:0)
[11/21/24 19:26:16:321][22440][A]:(00002359):   AgoraService::~AgoraService(this:0000020BD3947110, void)
[11/21/24 19:26:16:328][22440][A]:(00002360):     <lambda_7f365da65dbae8b3bdab27fd18cb71fc>::operator ->CallbackOnDeviceStateChanged(this:00000208C4BBEB10, deviceType:"1", deviceState:"0", reason:0)
[11/21/24 19:26:16:328][22440][A]:(00002361):     <lambda_304be22cb9c757098da5a3117ba8c8e5>::operator ->CallbackOnDeviceStateChanged(this:00000208C4BBEB10, deviceId:{0.0.1.00000000}.{b4987d1a-21e2-4d17-8487-450fbc61a7bd}, deviceName:Microphone (7- dbE GAMING GM500), deviceType:1, deviceState:0)
[11/21/24 19:26:16:329][22440][A]:(00002362):     <lambda_304be22cb9c757098da5a3117ba8c8e5>::operator ->CallbackOnDeviceStateChanged(this:00000208C4BBEB10, deviceId:{0.0.0.00000000}.{70b9560b-3456-4509-afc0-f5f569de7a99}, deviceName:Speakers (7- dbE GAMING GM500), deviceType:0, deviceState:0)
